ID: 86d700fd-c46c-4fca-bfeb-76140f1b28d8 | Time: 2025-08-01T06:50:44.309Z | Name: ReferenceError | Cause: ex is not defined
ID: cc54a6c9-6736-40f1-857d-c742edcc1e1e | Time: 2025-08-01T06:50:58.249Z | Name: TypeError | Cause: Illegal constructor
ID: 733d0db4-b838-4065-9254-9bb92a81774e | Time: 2025-08-01T06:51:00.298Z | Name: ReferenceError | Cause: LockIc is not defined
ID: 1a750b49-badf-4169-8d34-961d9fbb3f55 | Time: 2025-08-01T06:58:20.552Z | Name: ReferenceError | Cause: va is not defined
ID: 64a3449a-b73c-429a-a3f1-609eaf5e0063 | Time: 2025-08-01T07:16:00.678Z | Name: ReferenceError | Cause: ghostClass is not defined
ID: 09475493-5ff6-49c9-bffe-c0274abb4886 | Time: 2025-08-01T07:16:12.076Z | Name: ReferenceError | Cause: ghostClass is not defined
ID: cc7b3d4b-2f73-4b2c-84ab-ac6fcaeee8a3 | Time: 2025-08-01T08:26:09.193Z | Name: ReferenceError | Cause: data is not defined
ID: ae2405dc-d30c-47dd-b428-0e413502d3b7 | Time: 2025-08-02T03:41:48.975Z | Name: ReferenceError | Cause: useAxios is not defined
ID: 36ad5e4e-9293-4017-a8d5-3cc6fd4c0409 | Time: 2025-08-02T03:54:52.363Z | Name: ReferenceError | Cause: id is not defined
ID: d6e5424b-4c1d-43ac-a877-51490421bc14 | Time: 2025-08-02T03:55:18.586Z | Name: ReferenceError | Cause: id is not defined
ID: 901ab7f7-988a-4d7b-844f-153798f60db7 | Time: 2025-08-02T07:07:05.737Z | Name: Error | Cause: Maximum update depth exceeded. This can happen when a component repeatedly calls setState inside componentWillUpdate or componentDidUpdate. React limits the number of nested updates to prevent infinite loops.
ID: d7b384c6-02fe-4bd1-9a0c-db37d8aa3cfa | Time: 2025-08-02T07:59:06.542Z | Name: ReferenceError | Cause: getByIdData is not defined
ID: 1670ec23-6f08-46e9-82dc-f4d3b095be90 | Time: 2025-08-02T07:59:20.024Z | Name: ReferenceError | Cause: getByIdData is not defined
ID: f53440ee-4008-4e0a-8fe2-ce7f95a46f70 | Time: 2025-08-02T08:02:33.608Z | Name: TypeError | Cause: destroy is not a function
ID: 60b6ebdf-04d8-42ef-bd0c-2615c1fed5c1 | Time: 2025-08-02T08:02:33.619Z | Name: TypeError | Cause: destroy is not a function
ID: f8532948-d428-451b-a751-1a725519d17e | Time: 2025-08-02T08:02:33.619Z | Name: TypeError | Cause: destroy is not a function
ID: e93c8e3a-ce22-4c3a-9f48-c24c359b302a | Time: 2025-08-02T08:02:33.620Z | Name: TypeError | Cause: destroy is not a function
ID: 1cb511d0-ec02-4d12-aa46-24580ac4593f | Time: 2025-08-02T08:02:33.620Z | Name: TypeError | Cause: destroy is not a function
ID: 5dfd57a3-58f2-4982-a212-49a4d1d723aa | Time: 2025-08-02T08:02:33.621Z | Name: TypeError | Cause: destroy is not a function
ID: df912670-513b-47d5-9900-21ab57d40a2b | Time: 2025-08-02T08:02:33.621Z | Name: TypeError | Cause: destroy is not a function
ID: 623a1874-f18e-46c7-acab-2d858d13f245 | Time: 2025-08-02T08:02:33.622Z | Name: TypeError | Cause: destroy is not a function
ID: d0ab9340-4343-4571-98be-c8593de0a612 | Time: 2025-08-02T08:19:34.734Z | Name: Error | Cause: Too many re-renders. React limits the number of renders to prevent an infinite loop.
ID: a383f8ef-adfa-4135-b916-74a2a7677571 | Time: 2025-08-02T08:19:38.139Z | Name: Error | Cause: Too many re-renders. React limits the number of renders to prevent an infinite loop.
ID: f52f75be-622c-44c9-b0a5-f953cd8b228d | Time: 2025-08-02T08:19:40.124Z | Name: Error | Cause: Too many re-renders. React limits the number of renders to prevent an infinite loop.
ID: 9235b829-6f7a-485e-8066-671ebfa6fa1e | Time: 2025-08-02T08:20:03.997Z | Name: Error | Cause: Too many re-renders. React limits the number of renders to prevent an infinite loop.
ID: 4a3ff1ee-82ca-410a-869c-34c726222417 | Time: 2025-08-02T08:20:04.549Z | Name: Error | Cause: Too many re-renders. React limits the number of renders to prevent an infinite loop.
ID: 7d7b51cf-2b2b-40fb-9643-05594ede8499 | Time: 2025-08-02T08:20:07.078Z | Name: Error | Cause: Too many re-renders. React limits the number of renders to prevent an infinite loop.
ID: d50c8ed7-3169-4432-9777-99414104c6fa | Time: 2025-08-02T08:20:29.487Z | Name: Error | Cause: Too many re-renders. React limits the number of renders to prevent an infinite loop.
ID: 825d8918-b8e5-413f-852e-0f7c986360b0 | Time: 2025-08-02T08:28:01.206Z | Name: Error | Cause: Too many re-renders. React limits the number of renders to prevent an infinite loop.
ID: 86959441-62ee-40ca-8297-2bf3b3245124 | Time: 2025-08-02T08:28:03.723Z | Name: Error | Cause: Too many re-renders. React limits the number of renders to prevent an infinite loop.
ID: 2c31467c-d208-4e35-9def-6b5a8b47a612 | Time: 2025-08-02T08:31:51.147Z | Name: ReferenceError | Cause: getByIdData is not defined
ID: eef7eb92-c65f-4cae-b2e7-7628572d094f | Time: 2025-08-02T08:31:52.234Z | Name: ReferenceError | Cause: getByIdData is not defined
ID: 1e6d1762-0fa0-4b5d-b567-944bf27f593d | Time: 2025-08-02T08:32:09.486Z | Name: ReferenceError | Cause: getByIdData is not defined
ID: 585d2aea-bed4-4485-9a29-40be8181b41c | Time: 2025-08-03T07:26:49.120Z | Name: ReferenceError | Cause: dataById is not defined
ID: c8f0ac53-b5a1-4afd-ae99-c60e90f002ea | Time: 2025-08-03T14:56:59.395Z | Name: Error | Cause: Missing required parameter client_id.
ID: 8e4fb7b5-4873-47dd-b632-400ea003499e | Time: 2025-08-03T14:57:08.029Z | Name: Error | Cause: Missing required parameter client_id.
ID: 5c2becc9-695e-4edc-8520-7381b9d3a5c3 | Time: 2025-08-04T06:50:57.753Z | Name: TypeError | Cause: function is not iterable (cannot read property Symbol(Symbol.iterator))
ID: 4f58fc1a-17de-4a78-9c6f-c53853853429 | Time: 2025-08-04T06:51:11.417Z | Name: TypeError | Cause: function is not iterable (cannot read property Symbol(Symbol.iterator))
ID: e263dde7-864f-4aad-bc53-fa52e9a650b4 | Time: 2025-08-04T06:51:43.998Z | Name: TypeError | Cause: function is not iterable (cannot read property Symbol(Symbol.iterator))
ID: 94fe0c98-48da-4b2c-a667-a33dec0c7ab5 | Time: 2025-08-04T10:06:57.714Z | Name: ReferenceError | Cause: nst is not defined
ID: 994d17a4-2442-42b2-9927-d5d5feeb157a | Time: 2025-08-04T15:55:31.309Z | Name: TypeError | Cause: Cannot read properties of undefined (reading 'map')
ID: 518e99ac-66e6-47ad-9f67-31e7a5b1b918 | Time: 2025-08-04T15:57:50.053Z | Name: TypeError | Cause: Cannot read properties of undefined (reading 'map')
ID: c098468c-b0ef-4973-9225-2c78f5a67020 | Time: 2025-08-04T16:32:54.984Z | Name: ReferenceError | Cause: permissionsExample is not defined
ID: 1593da59-2763-4901-97e3-5c825ef2a1e2 | Time: 2025-08-05T03:53:00.320Z | Name: ReferenceError | Cause: permissionsExample is not defined
ID: a0dd7a05-f76e-4077-8b88-b4a550fa5958 | Time: 2025-08-05T04:06:09.699Z | Name: ReferenceError | Cause: params is not defined
ID: 3e05d019-a2a7-43c1-ab1f-19bb5630f551 | Time: 2025-08-05T04:20:36.358Z | Name: ReferenceError | Cause: permissionsError is not defined
ID: a91327f2-7434-4763-a7df-12d0820b08c0 | Time: 2025-08-05T06:42:20.033Z | Name: TypeError | Cause: permissionsData.map is not a function
ID: eff0698d-7b6a-41cd-b725-026e9dfa5800 | Time: 2025-08-05T06:42:29.088Z | Name: TypeError | Cause: permissionsData.map is not a function
ID: 247f2a74-9598-4453-afed-13f535ed66f6 | Time: 2025-08-05T15:47:29.844Z | Name: TypeError | Cause: Cannot read properties of undefined (reading 'name')
ID: b1a432d8-43ca-4dfe-b585-fe6e91ef9bac | Time: 2025-08-05T15:47:31.944Z | Name: TypeError | Cause: Cannot read properties of undefined (reading 'name')
ID: 2ee96db1-b728-4b6b-a1f6-711fdf4014a6 | Time: 2025-08-05T15:47:44.934Z | Name: TypeError | Cause: Cannot read properties of undefined (reading 'name')
ID: 5d9ed478-643e-4e42-9635-0e7b903e1317 | Time: 2025-08-05T15:49:13.428Z | Name: TypeError | Cause: Cannot read properties of null (reading 'name')
ID: 52d4e466-2c3c-4372-9ddf-2227fe583f3e | Time: 2025-08-05T15:49:20.089Z | Name: TypeError | Cause: Cannot read properties of null (reading 'name')
ID: 85510ef6-6e2d-48af-bca2-56eabe7e0d1e | Time: 2025-08-05T15:49:27.460Z | Name: TypeError | Cause: Cannot read properties of null (reading 'name')
ID: 8028c7b8-8ac6-41f2-99e0-e0acf08b277f | Time: 2025-08-05T15:49:43.766Z | Name: TypeError | Cause: Cannot read properties of null (reading 'name')
ID: 45487943-5d9d-4b8f-8f91-54d984518361 | Time: 2025-08-05T15:54:54.853Z | Name: TypeError | Cause: Cannot read properties of null (reading 'name')
ID: 953048e2-3914-42b8-90c6-dfb17734c9d0 | Time: 2025-08-05T15:54:59.110Z | Name: TypeError | Cause: Cannot read properties of null (reading 'name')
ID: e81de715-bfd7-452f-964e-c9cc762a7614 | Time: 2025-08-05T15:59:59.533Z | Name: TypeError | Cause: Cannot read properties of null (reading 'name')
ID: 2be83eec-c456-48cf-8214-75c1f6eaaf83 | Time: 2025-08-05T16:04:39.780Z | Name: ReferenceError | Cause: getByIdData is not defined
ID: 9c799a58-442d-4fff-b509-f53422aa269d | Time: 2025-08-05T16:07:01.690Z | Name: Error | Cause: Invalid hook call. Hooks can only be called inside of the body of a function component. This could happen for one of the following reasons:
1. You might have mismatching versions of React and the renderer (such as React DOM)
2. You might be breaking the Rules of Hooks
3. You might have more than one copy of React in the same app
See https://react.dev/link/invalid-hook-call for tips about how to debug and fix this problem.
ID: 796c76df-21c5-4b62-861e-2909bd869fda | Time: 2025-08-05T16:08:49.075Z | Name: Error | Cause: Invalid hook call. Hooks can only be called inside of the body of a function component. This could happen for one of the following reasons:
1. You might have mismatching versions of React and the renderer (such as React DOM)
2. You might be breaking the Rules of Hooks
3. You might have more than one copy of React in the same app
See https://react.dev/link/invalid-hook-call for tips about how to debug and fix this problem.
ID: a80abbad-c786-433b-b207-01f33deac964 | Time: 2025-08-05T16:24:35.511Z | Name: TypeError | Cause: Cannot read properties of null (reading 'description')
ID: ff391814-be7d-490c-be69-5a68678265e1 | Time: 2025-08-05T16:24:43.462Z | Name: TypeError | Cause: Cannot read properties of null (reading 'description')
ID: 9c759654-329b-4f1d-a506-6b8d38a63aac | Time: 2025-08-06T06:10:51.545Z | Name: ReferenceError | Cause: option is not defined
ID: 348e5da2-53bc-4dbc-825e-58d8d5283bfa | Time: 2025-08-06T06:16:31.315Z | Name: TypeError | Cause: Cannot read properties of undefined (reading 'permissions')
ID: bd1be250-e064-4dbd-ab04-205cf3d83d47 | Time: 2025-08-06T06:16:45.680Z | Name: TypeError | Cause: Cannot read properties of undefined (reading 'permissions')
ID: 29a7dc82-3d6b-480a-9c93-26f9eb397946 | Time: 2025-08-06T11:37:10.534Z | Name: ReferenceError | Cause: isActivate is not defined
